<?xml version="1.0" encoding="UTF-8"?>
<!-- Generated by org.testng.reporters.JUnitXMLReporter -->
<testsuite ignored="1" hostname="Karan" failures="1" tests="3" name="Test" time="19.862" errors="0" timestamp="2025-08-16T12:54:58 IST">
  <testcase classname="com.flipkart.pageexeccution.LoginPageExecution" name="@AfterClass browserquir" time="0.937">
    <failure type="java.lang.NullPointerException" message="Cannot invoke &amp;quot;com.aventstack.extentreports.ExtentReports.flush()&amp;quot; because &amp;quot;com.flipkart.pageexeccution.LoginPageExecution.extent&amp;quot; is null">
      <![CDATA[java.lang.NullPointerException: Cannot invoke "com.aventstack.extentreports.ExtentReports.flush()" because "com.flipkart.pageexeccution.LoginPageExecution.extent" is null
at com.flipkart.pageexeccution.LoginPageExecution.browserquir(LoginPageExecution.java:47)
at java.base/java.util.ArrayList.forEach(ArrayList.java:1596)
... Removed 24 stack frames]]>
    </failure>
  </testcase> <!-- @AfterClass browserquir -->
  <testcase classname="com.flipkart.pageexeccution.LoginPageExecution" name="loginwithvalidcrendential" time="0.014">
    <failure type="java.lang.NullPointerException" message="Cannot invoke &amp;quot;com.aventstack.extentreports.ExtentReports.attachReporter(com.aventstack.extentreports.ExtentReporter[])&amp;quot; because &amp;quot;com.flipkart.pageexeccution.LoginPageExecution.extent&amp;quot; is null">
      <![CDATA[java.lang.NullPointerException: Cannot invoke "com.aventstack.extentreports.ExtentReports.attachReporter(com.aventstack.extentreports.ExtentReporter[])" because "com.flipkart.pageexeccution.LoginPageExecution.extent" is null
at com.flipkart.pageexeccution.LoginPageExecution.loginwithvalidcrendential(LoginPageExecution.java:54)
at java.base/java.util.ArrayList.forEach(ArrayList.java:1596)
... Removed 25 stack frames]]>
    </failure>
  </testcase> <!-- loginwithvalidcrendential -->
  <testcase classname="com.flipkart.pageexeccution.LoginPageExecution" name="loginwithInvalidcrendential" time="0.924"/>
  <testcase classname="com.flipkart.pageexeccution.LoginPageExecution" name="bookingSingleRoom" time="13.163"/>
  <testcase classname="com.flipkart.pageexeccution.LoginPageExecution" name="bookingFamilyRoom" time="0.0">
    <ignored/>
  </testcase> <!-- bookingFamilyRoom -->
</testsuite> <!-- Test -->
